23/07/2019 21:33:36	This log contains information about the import schema operation into project 'PatrimoniosManagement.Database' on computer 'JONATA-PC' by user 'jonat'.
23/07/2019 21:33:36	Import of database schema has started.
23/07/2019 21:33:40	Gathering database options
23/07/2019 21:33:40	Gathering users
23/07/2019 21:33:40	Gathering roles
23/07/2019 21:33:40	Gathering application roles
23/07/2019 21:33:40	Gathering role memberships
23/07/2019 21:33:40	Gathering filegroups
23/07/2019 21:33:40	Gathering full-text catalogs
23/07/2019 21:33:40	Gathering assemblies
23/07/2019 21:33:40	Gathering certificates
23/07/2019 21:33:40	Gathering asymmetric keys
23/07/2019 21:33:40	Gathering symmetric keys
23/07/2019 21:33:40	Gathering encrypted symmetric keys
23/07/2019 21:33:40	Gathering schemas
23/07/2019 21:33:40	Gathering XML schema collections
23/07/2019 21:33:40	Gathering user-defined data types
23/07/2019 21:33:40	Gathering user-defined types
23/07/2019 21:33:40	Gathering table types
23/07/2019 21:33:40	Gathering unique keys for table types
23/07/2019 21:33:40	Gathering primary keys for table types
23/07/2019 21:33:40	Gathering check constraints for table types
23/07/2019 21:33:40	Gathering default constraints for table types
23/07/2019 21:33:40	Gathering partition functions
23/07/2019 21:33:40	Gathering partition schemes
23/07/2019 21:33:40	Gathering functions
23/07/2019 21:33:40	Gathering encrypted functions
23/07/2019 21:33:40	Gathering aggregates
23/07/2019 21:33:40	Gathering procedures
23/07/2019 21:33:40	Gathering encrypted procedures
23/07/2019 21:33:40	Gathering tables
23/07/2019 21:33:40	Gathering primary keys
23/07/2019 21:33:40	Gathering unique constraints
23/07/2019 21:33:40	Gathering foreign keys
23/07/2019 21:33:40	Gathering default constraints
23/07/2019 21:33:40	Gathering check constraints
23/07/2019 21:33:40	Gathering views
23/07/2019 21:33:40	Gathering encrypted views
23/07/2019 21:33:40	Gathering indexes
23/07/2019 21:33:40	Gathering statistics
23/07/2019 21:33:40	Gathering full-text index stoplists
23/07/2019 21:33:40	Gathering search property lists
23/07/2019 21:33:40	Gathering search properties
23/07/2019 21:33:40	Gathering full-text indexes
23/07/2019 21:33:40	Gathering column store indexes
23/07/2019 21:33:40	Gathering spatial indexes
23/07/2019 21:33:40	Gathering XML indexes
23/07/2019 21:33:40	Gathering encrypted triggers
23/07/2019 21:33:40	Gathering triggers
23/07/2019 21:33:40	Gathering encrypted and clr ddl triggers
23/07/2019 21:33:40	Gathering ddl triggers
23/07/2019 21:33:40	Gathering synonyms
23/07/2019 21:33:40	Gathering defaults
23/07/2019 21:33:40	Gathering data constraint uddt bindings
23/07/2019 21:33:40	Gathering rules
23/07/2019 21:33:40	Gathering data constraint uddt bindings
23/07/2019 21:33:40	Gathering message types
23/07/2019 21:33:40	Gathering queues
23/07/2019 21:33:40	Gathering contracts
23/07/2019 21:33:40	Gathering services
23/07/2019 21:33:40	Gathering event notifications
23/07/2019 21:33:40	Gathering remote service bindings
23/07/2019 21:33:40	Gathering broker priorities
23/07/2019 21:33:40	Gathering signatures
23/07/2019 21:33:40	Gathering data compression options
23/07/2019 21:33:40	Gathering sequence types
23/07/2019 21:33:40	Gathering extended properties
23/07/2019 21:33:41	Scanning project for duplicate elements
23/07/2019 21:33:41	Finished duplicate element processing
23/07/2019 21:33:41	Finished importing database.
23/07/2019 21:33:41	A summary of the import was saved to the following location: C:\Users\jonat\source\repos\TesteGlobo\PatrimoniosManagement\PatrimoniosManagement.Database\Import Schema Logs\PatrimoniosManagemen_20190724123336.log
23/07/2019 21:33:41	Click Finish to continue...
